[debug] [2021-03-09T19:09:41.459Z] ----------------------------------------------------------------------
[debug] [2021-03-09T19:09:41.461Z] Command:       /home/bartek/.nvm/versions/node/v14.12.0/bin/node /home/bartek/.nvm/versions/node/v14.12.0/bin/firebase init
[debug] [2021-03-09T19:09:41.461Z] CLI Version:   9.6.0
[debug] [2021-03-09T19:09:41.461Z] Platform:      linux
[debug] [2021-03-09T19:09:41.461Z] Node Version:  v14.12.0
[debug] [2021-03-09T19:09:41.461Z] Time:          Tue Mar 09 2021 20:09:41 GMT+0100 (Central European Standard Time)
[debug] [2021-03-09T19:09:41.462Z] ----------------------------------------------------------------------
[debug] [2021-03-09T19:09:41.462Z] 
[debug] [2021-03-09T19:09:41.465Z] > command requires scopes: ["email","openid","https://www.googleapis.com/auth/cloudplatformprojects.readonly","https://www.googleapis.com/auth/firebase","https://www.googleapis.com/auth/cloud-platform"]
[debug] [2021-03-09T19:09:41.465Z] > authorizing via signed-in user
[info] 
     ######## #### ########  ######## ########     ###     ######  ########
     ##        ##  ##     ## ##       ##     ##  ##   ##  ##       ##
     ######    ##  ########  ######   ########  #########  ######  ######
     ##        ##  ##    ##  ##       ##     ## ##     ##       ## ##
     ##       #### ##     ## ######## ########  ##     ##  ######  ########

You're about to initialize a Firebase project in this directory:

  /home/bartek/WebstormProjects/flashcards

[info] 
=== Project Setup
[info] 
[info] First, let's associate this project directory with a Firebase project.
[info] You can create multiple project aliases by running firebase use --add, 
[info] but for now we'll just set up a default project.
[info] 
[debug] [2021-03-09T19:10:25.871Z] > refreshing access token with scopes: []
[debug] [2021-03-09T19:10:25.872Z] >>> HTTP REQUEST POST https://www.googleapis.com/oauth2/v3/token  
 <request body omitted>
[debug] [2021-03-09T19:10:26.021Z] <<< HTTP RESPONSE 200 {"cache-control":"no-cache, no-store, max-age=0, must-revalidate","expires":"Mon, 01 Jan 1990 00:00:00 GMT","date":"Tue, 09 Mar 2021 19:10:25 GMT","pragma":"no-cache","content-type":"application/json; charset=utf-8","vary":"X-Origin, Referer, Origin,Accept-Encoding","server":"scaffolding on HTTPServer2","x-xss-protection":"0","x-frame-options":"SAMEORIGIN","x-content-type-options":"nosniff","alt-svc":"h3-29=\":443\"; ma=2592000,h3-T051=\":443\"; ma=2592000,h3-Q050=\":443\"; ma=2592000,h3-Q046=\":443\"; ma=2592000,h3-Q043=\":443\"; ma=2592000,quic=\":443\"; ma=2592000; v=\"46,43\"","accept-ranges":"none","transfer-encoding":"chunked"}
[debug] [2021-03-09T19:10:26.042Z] >>> [apiv2][query] GET https://firebase.googleapis.com/v1beta1/projects pageSize=100
[debug] [2021-03-09T19:10:26.415Z] <<< [apiv2][status] GET https://firebase.googleapis.com/v1beta1/projects 200
[debug] [2021-03-09T19:10:26.416Z] <<< [apiv2][body] GET https://firebase.googleapis.com/v1beta1/projects [omitted]
[info] i  Using project flashcards-bg (flashcards-bg) 
[info] 
=== Database Setup
[info] i  database: ensuring required API firebasedatabase.googleapis.com is enabled... 
[debug] [2021-03-09T19:10:28.289Z] > refreshing access token with scopes: ["email","https://www.googleapis.com/auth/cloud-platform","https://www.googleapis.com/auth/cloudplatformprojects.readonly","https://www.googleapis.com/auth/firebase","openid"]
[debug] [2021-03-09T19:10:28.289Z] >>> HTTP REQUEST POST https://www.googleapis.com/oauth2/v3/token  
 <request body omitted>
[debug] [2021-03-09T19:10:28.405Z] <<< HTTP RESPONSE 200 {"cache-control":"no-cache, no-store, max-age=0, must-revalidate","pragma":"no-cache","expires":"Mon, 01 Jan 1990 00:00:00 GMT","date":"Tue, 09 Mar 2021 19:10:28 GMT","content-type":"application/json; charset=utf-8","vary":"X-Origin, Referer, Origin,Accept-Encoding","server":"scaffolding on HTTPServer2","x-xss-protection":"0","x-frame-options":"SAMEORIGIN","x-content-type-options":"nosniff","alt-svc":"h3-29=\":443\"; ma=2592000,h3-T051=\":443\"; ma=2592000,h3-Q050=\":443\"; ma=2592000,h3-Q046=\":443\"; ma=2592000,h3-Q043=\":443\"; ma=2592000,quic=\":443\"; ma=2592000; v=\"46,43\"","accept-ranges":"none","transfer-encoding":"chunked"}
[debug] [2021-03-09T19:10:28.412Z] >>> HTTP REQUEST GET https://serviceusage.googleapis.com/v1/projects/flashcards-bg/services/firebasedatabase.googleapis.com  
 
[debug] [2021-03-09T19:10:29.571Z] <<< HTTP RESPONSE 200 {"content-type":"application/json; charset=UTF-8","vary":"X-Origin, Referer, Origin,Accept-Encoding","date":"Tue, 09 Mar 2021 19:10:29 GMT","server":"ESF","cache-control":"private","x-xss-protection":"0","x-frame-options":"SAMEORIGIN","x-content-type-options":"nosniff","alt-svc":"h3-29=\":443\"; ma=2592000,h3-T051=\":443\"; ma=2592000,h3-Q050=\":443\"; ma=2592000,h3-Q046=\":443\"; ma=2592000,h3-Q043=\":443\"; ma=2592000,quic=\":443\"; ma=2592000; v=\"46,43\"","accept-ranges":"none","transfer-encoding":"chunked"}
[info] ✔  database: required API firebasedatabase.googleapis.com is enabled 
[info] 
[debug] [2021-03-09T19:10:29.576Z] >>> HTTP REQUEST GET https://firebasedatabase.googleapis.com/v1beta/projects/flashcards-bg/locations/-/instances/flashcards-bg-default-rtdb  
 
[debug] [2021-03-09T19:10:30.036Z] <<< HTTP RESPONSE 200 {"content-type":"application/json; charset=UTF-8","vary":"X-Origin, Referer, Origin,Accept-Encoding","date":"Tue, 09 Mar 2021 19:10:29 GMT","server":"ESF","cache-control":"private","x-xss-protection":"0","x-frame-options":"SAMEORIGIN","x-content-type-options":"nosniff","alt-svc":"h3-29=\":443\"; ma=2592000,h3-T051=\":443\"; ma=2592000,h3-Q050=\":443\"; ma=2592000,h3-Q046=\":443\"; ma=2592000,h3-Q043=\":443\"; ma=2592000,quic=\":443\"; ma=2592000; v=\"46,43\"","accept-ranges":"none","transfer-encoding":"chunked"}
[info] 
[info] Firebase Realtime Database Security Rules allow you to define how your data should be
[info] structured and when your data can be read from and written to.
[info] 
[debug] [2021-03-09T19:10:49.874Z] >>> HTTP REQUEST GET https://flashcards-bg-default-rtdb.europe-west1.firebasedatabase.app/.settings/rules.json  
 
[debug] [2021-03-09T19:10:50.366Z] <<< HTTP RESPONSE 200 {"server":"nginx","date":"Tue, 09 Mar 2021 19:10:50 GMT","content-type":"application/json; charset=utf-8","content-length":"161","connection":"keep-alive","access-control-allow-origin":"*","cache-control":"no-cache","strict-transport-security":"max-age=31556926; includeSubDomains; preload"}
[info] ✔  Database Rules for flashcards-bg-default-rtdb have been written to database.rules.json. 
[info] Future modifications to database.rules.json will update Realtime Database Security Rules when you run
[info] firebase deploy.
[info] 
=== Functions Setup
[info] 
[info] A functions directory will be created in your project with a Node.js
[info] package pre-configured. Functions can be deployed with firebase deploy.
[info] 
[debug] [2021-03-09T19:10:50.378Z] > command requires scopes: ["email","openid","https://www.googleapis.com/auth/cloudplatformprojects.readonly","https://www.googleapis.com/auth/firebase","https://www.googleapis.com/auth/cloud-platform"]
[debug] [2021-03-09T19:10:50.380Z] > authorizing via signed-in user
[debug] [2021-03-09T19:10:50.380Z] [iam] checking project flashcards-bg for permissions ["firebase.projects.get"]
[debug] [2021-03-09T19:10:50.382Z] >>> HTTP REQUEST POST https://cloudresourcemanager.googleapis.com/v1/projects/flashcards-bg:testIamPermissions  
 {"permissions":["firebase.projects.get"]}
[debug] [2021-03-09T19:10:51.382Z] <<< HTTP RESPONSE 200 {"content-type":"application/json; charset=UTF-8","vary":"X-Origin, Referer, Origin,Accept-Encoding","date":"Tue, 09 Mar 2021 19:10:51 GMT","server":"ESF","cache-control":"private","x-xss-protection":"0","x-frame-options":"SAMEORIGIN","x-content-type-options":"nosniff","server-timing":"gfet4t7; dur=708","alt-svc":"h3-29=\":443\"; ma=2592000,h3-T051=\":443\"; ma=2592000,h3-Q050=\":443\"; ma=2592000,h3-Q046=\":443\"; ma=2592000,h3-Q043=\":443\"; ma=2592000,quic=\":443\"; ma=2592000; v=\"46,43\"","accept-ranges":"none","transfer-encoding":"chunked"}
[debug] [2021-03-09T19:10:51.386Z] >>> HTTP REQUEST POST https://serviceusage.googleapis.com/v1/projects/flashcards-bg/services/cloudfunctions.googleapis.com:enable  
 
[debug] [2021-03-09T19:10:51.388Z] >>> HTTP REQUEST POST https://serviceusage.googleapis.com/v1/projects/flashcards-bg/services/runtimeconfig.googleapis.com:enable  
 
[debug] [2021-03-09T19:10:52.506Z] <<< HTTP RESPONSE 200 {"content-type":"application/json; charset=UTF-8","vary":"X-Origin, Referer, Origin,Accept-Encoding","date":"Tue, 09 Mar 2021 19:10:52 GMT","server":"ESF","cache-control":"private","x-xss-protection":"0","x-frame-options":"SAMEORIGIN","x-content-type-options":"nosniff","alt-svc":"h3-29=\":443\"; ma=2592000,h3-T051=\":443\"; ma=2592000,h3-Q050=\":443\"; ma=2592000,h3-Q046=\":443\"; ma=2592000,h3-Q043=\":443\"; ma=2592000,quic=\":443\"; ma=2592000; v=\"46,43\"","accept-ranges":"none","transfer-encoding":"chunked"}
[debug] [2021-03-09T19:10:52.846Z] <<< HTTP RESPONSE 200 {"content-type":"application/json; charset=UTF-8","vary":"X-Origin, Referer, Origin,Accept-Encoding","date":"Tue, 09 Mar 2021 19:10:52 GMT","server":"ESF","cache-control":"private","x-xss-protection":"0","x-frame-options":"SAMEORIGIN","x-content-type-options":"nosniff","alt-svc":"h3-29=\":443\"; ma=2592000,h3-T051=\":443\"; ma=2592000,h3-Q050=\":443\"; ma=2592000,h3-Q046=\":443\"; ma=2592000,h3-Q043=\":443\"; ma=2592000,quic=\":443\"; ma=2592000; v=\"46,43\"","accept-ranges":"none","transfer-encoding":"chunked"}
[info] ✔  Wrote functions/package.json 
[info] ✔  Wrote functions/index.js 
[info] ✔  Wrote functions/.gitignore 
[info] 
=== Hosting Setup
[info] 
[info] Your public directory is the folder (relative to your project directory) that
[info] will contain Hosting assets to be uploaded with firebase deploy. If you
[info] have a build process for your assets, use your build's output directory.
[info] 
[debug] [2021-03-09T19:12:46.471Z] >>> [apiv2][query] GET https://www.gstatic.com/firebasejs/releases.json [none]
[debug] [2021-03-09T19:12:46.564Z] <<< [apiv2][status] GET https://www.gstatic.com/firebasejs/releases.json 200
[debug] [2021-03-09T19:12:46.564Z] <<< [apiv2][body] GET https://www.gstatic.com/firebasejs/releases.json {"current":{"version":"8.2.10","browserURL":"https://www.gstatic.com/firebasejs/8.2.10/firebase.js","packageURL":"https://www.gstatic.com/firebasejs/8.2.10/firebase.tgz"},"live":{"version":"8.2","browserURL":"https://www.gstatic.com/firebasejs/live/8.2/firebase.js","packageURL":"https://www.gstatic.com/firebasejs/live/8.2/firebase.tgz"},"components":{"analytics":"https://www.gstatic.com/firebasejs/8.2.10/firebase-analytics.js","app":"https://www.gstatic.com/firebasejs/8.2.10/firebase-app.js","auth":"https://www.gstatic.com/firebasejs/8.2.10/firebase-auth.js","database":"https://www.gstatic.com/firebasejs/8.2.10/firebase-database.js","firestore":"https://www.gstatic.com/firebasejs/8.2.10/firebase-firestore.js","functions":"https://www.gstatic.com/firebasejs/8.2.10/firebase-functions.js","installations":"https://www.gstatic.com/firebasejs/8.2.10/firebase-installations.js","messaging":"https://www.gstatic.com/firebasejs/8.2.10/firebase-messaging.js","storage":"https://www.gstatic.com/firebasejs/8.2.10/firebase-storage.js","performance":"https://www.gstatic.com/firebasejs/8.2.10/firebase-performance.js","remote-config":"https://www.gstatic.com/firebasejs/8.2.10/firebase-remote-config.js","firestore.memory":"https://www.gstatic.com/firebasejs/8.2.10/firebase-firestore.memory.js"}}
[info] ✔  Wrote public/index.html 
[info] 
[info] i  Detected a .git folder at /home/bartek/WebstormProjects/flashcards 
[info] i  Authorizing with GitHub to upload your service account to a GitHub repository's secrets store. 
[info] 
[info] Visit this URL on this device to log in:
[info] https://github.com/login/oauth/authorize?client_id=89cf50f02ac6aaed3484&state=979621137&redirect_uri=http%3A%2F%2Flocalhost%3A9005&scope=read%3Auser%20repo%20public_repo
[info] 
[info] Waiting for authentication...
[debug] [2021-03-09T19:13:32.970Z] >>> HTTP REQUEST POST https://github.com/login/oauth/access_token  
 {"client_id":"89cf50f02ac6aaed3484","client_secret":"3330d14abc895d9a74d5f17cd7a00711fa2c5bf0","code":"53ae62a754d6dfcd7ed1","redirect_uri":"http://localhost:9005","state":"979621137"}
[debug] [2021-03-09T19:13:33.271Z] <<< HTTP RESPONSE 200 {"server":"GitHub.com","date":"Tue, 09 Mar 2021 19:13:33 GMT","content-type":"application/json; charset=utf-8","transfer-encoding":"chunked","vary":"X-PJAX, Accept-Encoding, Accept, X-Requested-With","etag":"W/\"fb506bda8d11ffced5ee41e7b34e348a\"","cache-control":"max-age=0, private, must-revalidate","strict-transport-security":"max-age=31536000; includeSubdomains; preload","x-frame-options":"deny","x-content-type-options":"nosniff","x-xss-protection":"1; mode=block","referrer-policy":"origin-when-cross-origin, strict-origin-when-cross-origin","expect-ct":"max-age=2592000, report-uri=\"https://api.github.com/_private/browser/errors\"","content-security-policy":"default-src 'none'; base-uri 'self'; block-all-mixed-content; connect-src 'self' uploads.github.com www.githubstatus.com collector.githubapp.com api.github.com github-cloud.s3.amazonaws.com github-production-repository-file-5c1aeb.s3.amazonaws.com github-production-upload-manifest-file-7fdce7.s3.amazonaws.com github-production-user-asset-6210df.s3.amazonaws.com cdn.optimizely.com logx.optimizely.com/v1/events wss://alive.github.com; font-src github.githubassets.com; form-action 'self' github.com gist.github.com; frame-ancestors 'none'; frame-src render.githubusercontent.com; img-src 'self' data: github.githubassets.com identicons.github.com collector.githubapp.com github-cloud.s3.amazonaws.com secured-user-images.githubusercontent.com/ *.githubusercontent.com; manifest-src 'self'; media-src 'none'; script-src github.githubassets.com; style-src 'unsafe-inline' github.githubassets.com; worker-src github.com/socket-worker-6832eced.js gist.github.com/socket-worker-6832eced.js","x-github-request-id":"985B:F0E4:3F6E892:426EFD1:6047C8DD"}
[debug] [2021-03-09T19:13:33.287Z] >>> [apiv2][query] GET https://api.github.com/user [none]
[debug] [2021-03-09T19:13:33.665Z] <<< [apiv2][status] GET https://api.github.com/user 200
[debug] [2021-03-09T19:13:33.665Z] <<< [apiv2][body] GET https://api.github.com/user {"login":"BartekGrzesiak","id":69467024,"node_id":"MDQ6VXNlcjY5NDY3MDI0","avatar_url":"https://avatars.githubusercontent.com/u/69467024?v=4","gravatar_id":"","url":"https://api.github.com/users/BartekGrzesiak","html_url":"https://github.com/BartekGrzesiak","followers_url":"https://api.github.com/users/BartekGrzesiak/followers","following_url":"https://api.github.com/users/BartekGrzesiak/following{/other_user}","gists_url":"https://api.github.com/users/BartekGrzesiak/gists{/gist_id}","starred_url":"https://api.github.com/users/BartekGrzesiak/starred{/owner}{/repo}","subscriptions_url":"https://api.github.com/users/BartekGrzesiak/subscriptions","organizations_url":"https://api.github.com/users/BartekGrzesiak/orgs","repos_url":"https://api.github.com/users/BartekGrzesiak/repos","events_url":"https://api.github.com/users/BartekGrzesiak/events{/privacy}","received_events_url":"https://api.github.com/users/BartekGrzesiak/received_events","type":"User","site_admin":false,"name":"Bartek Grzesiak","company":null,"blog":"","location":null,"email":null,"hireable":null,"bio":null,"twitter_username":null,"public_repos":3,"public_gists":0,"followers":0,"following":0,"created_at":"2020-08-10T13:16:30Z","updated_at":"2021-03-09T19:13:10Z","private_gists":0,"total_private_repos":15,"owned_private_repos":0,"disk_usage":15066,"collaborators":0,"two_factor_authentication":false,"plan":{"name":"free","space":976562499,"collaborators":0,"private_repos":10000}}
[info] 
[info] ✔  Success! Logged into GitHub as BartekGrzesiak 
[info] 
[debug] [2021-03-09T19:14:18.549Z] >>> [apiv2][query] GET https://api.github.com/repos/BartekGrzesiak/flashcards/actions/secrets/public-key type=owner
[debug] [2021-03-09T19:14:18.947Z] <<< [apiv2][status] GET https://api.github.com/repos/BartekGrzesiak/flashcards/actions/secrets/public-key 404
[debug] [2021-03-09T19:14:18.947Z] <<< [apiv2][body] GET https://api.github.com/repos/BartekGrzesiak/flashcards/actions/secrets/public-key {"message":"Not Found","documentation_url":"https://docs.github.com/rest/reference/actions#get-a-repository-public-key"}
